-> GET /sso/Login?forwardTo=22&RL=1&ip2loc=US
<- 200 GET /sso/Login?forwardTo=22&RL=1&ip2loc=US
-> GET /sso/Templates/otp-responsive.css?1655967762965
-> GET /scripts/common/js/jquery-3.4.1/jquery.min.js
<- 200 GET /scripts/common/js/jquery-3.4.1/jquery.min.js
-> GET /scripts/common/js/jquery-ui-1.12.1/jquery-ui.min.js
<- 200 GET /scripts/common/js/jquery-ui-1.12.1/jquery-ui.min.js
-> GET /scripts/common/js/bootstrap-4.3.1/bootstrap.bundle.min.js
<- 200 GET /scripts/common/js/bootstrap-4.3.1/bootstrap.bundle.min.js
-> GET /scripts/common/js/bootstrap-switch-3.3.2/bootstrap-switch.min.js
<- 200 GET /scripts/common/js/bootstrap-switch-3.3.2/bootstrap-switch.min.js
-> GET /scripts/common/js/switchery/switchery.min.js
<- 403 GET /sso/Templates/otp-responsive.css?1655967762965
<- 200 GET /scripts/common/js/switchery/switchery.min.js
-> GET /scripts/common/js/jquery-ui-1.12.1/jquery-ui.min.js
-> GET /scripts/common/js/jquery-3.4.1/jquery.min.js
<- 200 GET /scripts/common/js/jquery-3.4.1/jquery.min.js
<- 200 GET /scripts/common/js/jquery-ui-1.12.1/jquery-ui.min.js
-> GET /scripts/common/js/bootstrap-4.3.1/bootstrap.bundle.min.js
-> GET /scripts/common/js/bootstrap-switch-3.3.2/bootstrap-switch.min.js
<- 200 GET /scripts/common/js/bootstrap-4.3.1/bootstrap.bundle.min.js
<- 200 GET /scripts/common/js/bootstrap-switch-3.3.2/bootstrap-switch.min.js
-> GET /scripts/common/js/switchery/switchery-init.js
-> GET /scripts/common/js/icheck-1.0.2/icheck.min.js
<- 200 GET /scripts/common/js/switchery/switchery-init.js
<- 200 GET /scripts/common/js/icheck-1.0.2/icheck.min.js
-> GET /scripts/common/js/icheck-1.0.2/icheck-init.js
-> GET /sso/CombineFiles
<- 200 GET /scripts/common/js/icheck-1.0.2/icheck-init.js
-> GET /scripts/common/js/switchery/switchery.min.js
<- 200 GET /scripts/common/js/switchery/switchery.min.js
-> GET /scripts/common/js/switchery/switchery-init.js
<- 200 GET /scripts/common/js/switchery/switchery-init.js
-> GET /scripts/common/js/icheck-1.0.2/icheck.min.js
<- 200 GET /scripts/common/js/icheck-1.0.2/icheck.min.js
-> GET /scripts/common/js/icheck-1.0.2/icheck-init.js
<- 200 GET /scripts/common/js/icheck-1.0.2/icheck-init.js
-> GET /sso/images/2fa-animated-once.gif
<- 403 GET /sso/images/2fa-animated-once.gif
-> GET /images/2015/btn-app-apple.png
<- 200 GET /images/2015/btn-app-apple.png
-> GET /images/2015/btn-app-google.png
<- 200 GET /images/2015/btn-app-google.png
-> GET /images/2015/btn-app-tws.png
<- 200 GET /images/2015/btn-app-tws.png
-> GET /images/2015/button_discover_apis.png
<- 200 GET /images/2015/button_discover_apis.png
<- 200 GET /sso/CombineFiles
-> GET /sso/CombineFiles
-> GET /images/web/favicons/home-screen-icon-192x192.png
<- 200 GET /images/web/favicons/home-screen-icon-192x192.png
-> GET /images/web/favicons/home-screen-icon-128x128.png
<- 200 GET /images/web/favicons/home-screen-icon-128x128.png
<- 200 GET /sso/CombineFiles
-> POST /sso/Authenticator;jsessionid=E7B600ACD23A5A3841C451416278703B.ny5wwwdam3-internet?8310
<- 200 POST /sso/Authenticator;jsessionid=E7B600ACD23A5A3841C451416278703B.ny5wwwdam3-internet?8310
-> POST /sso/Authenticator;jsessionid=E7B600ACD23A5A3841C451416278703B.ny5wwwdam3-internet?53823
<- 200 POST /sso/Authenticator;jsessionid=E7B600ACD23A5A3841C451416278703B.ny5wwwdam3-internet?53823
-> POST /sso/Dispatcher;jsessionid=E7B600ACD23A5A3841C451416278703B.ny5wwwdam3-internet
<- 302 POST /sso/Dispatcher;jsessionid=E7B600ACD23A5A3841C451416278703B.ny5wwwdam3-internet
-> request: /v1/api/sso/validate?gw=1
-> request: /AccountManagement/OneBarAuthentication?json=1
-> GET /AccountManagement/OneBarAuthentication?json=1,404|185ms
-> GET /v1/api/sso/validate?gw=1,200|1047ms
-> request: /v1/api/one/user
-> request: /sso/AuthenticateSSODH?ACTION=INIT
-> sso GET https://api.ibkr.com/sso/AuthenticateSSODH?ACTION=INIT
-> request: /sso/AuthenticateSSODH?ACTION=COMPLETE&B=75ffa5fd5e19a70d966857a086a2dc87b836eb7c24179e826656275074d76af726b7a07230c0e760cad641abd2d077ea26628f64bde8bcf7c835181cc3496db3&CHRESPONSE=712721f53ca3d3284879317646bd0b9653954676
-> sso GET https://api.ibkr.com/sso/AuthenticateSSODH?ACTION=COMPLETE&B=75ffa5fd5e19a70d966857a086a2dc87b836eb7c24179e826656275074d76af726b7a07230c0e760cad641abd2d077ea26628f64bde8bcf7c835181cc3496db3&CHRESPONSE=712721f53ca3d3284879317646bd0b9653954676
-> request: /v1/api/iserver/auth/status
-> GET /v1/api/iserver/auth/status,200|149ms
-> request: /v1/api/iserver/auth/ssodh/init
-> POST https://api.ibkr.com/v1/api/iserver/auth/ssodh/init,200|733ms
-> request: /v1/api/iserver/auth/ssodh/response
-> POST https://api.ibkr.com/v1/api/iserver/auth/ssodh/response,200|325ms
-> request: /v1/api/iserver/accounts
-> GET /v1/api/iserver/accounts,200|137ms
-> GET /v1/api/one/user,503|10164ms
-> request: /v1/api/tickle
-> GET /v1/api/tickle,200|296ms
-> GET /sso/Login?forwardTo=22&RL=1&ip2loc=US
<- 200 GET /sso/Login?forwardTo=22&RL=1&ip2loc=US
-> GET /sso/Templates/otp-responsive.css?1655967828626
-> GET /scripts/common/js/jquery-3.4.1/jquery.min.js
<- 200 GET /scripts/common/js/jquery-3.4.1/jquery.min.js
-> GET /scripts/common/js/jquery-ui-1.12.1/jquery-ui.min.js
<- 200 GET /scripts/common/js/jquery-ui-1.12.1/jquery-ui.min.js
-> GET /scripts/common/js/bootstrap-4.3.1/bootstrap.bundle.min.js
<- 200 GET /scripts/common/js/bootstrap-4.3.1/bootstrap.bundle.min.js
<- 403 GET /sso/Templates/otp-responsive.css?1655967828626
-> GET /scripts/common/js/bootstrap-switch-3.3.2/bootstrap-switch.min.js
-> GET /scripts/common/js/switchery/switchery.min.js
<- 200 GET /scripts/common/js/switchery/switchery.min.js
-> GET /scripts/common/js/switchery/switchery-init.js
<- 200 GET /scripts/common/js/bootstrap-switch-3.3.2/bootstrap-switch.min.js
-> GET /scripts/common/js/icheck-1.0.2/icheck.min.js
<- 200 GET /scripts/common/js/icheck-1.0.2/icheck.min.js
-> GET /scripts/common/js/icheck-1.0.2/icheck-init.js
<- 200 GET /scripts/common/js/switchery/switchery-init.js
-> GET /sso/CombineFiles
<- 200 GET /scripts/common/js/icheck-1.0.2/icheck-init.js
-> GET /sso/images/2fa-animated-once.gif
<- 403 GET /sso/images/2fa-animated-once.gif
-> GET /images/2015/btn-app-apple.png
<- 200 GET /images/2015/btn-app-apple.png
-> GET /images/2015/btn-app-google.png
<- 200 GET /images/2015/btn-app-google.png
-> GET /images/2015/button_discover_apis.png
<- 200 GET /images/2015/button_discover_apis.png
<- 200 GET /sso/CombineFiles
-> GET /images/web/favicons/home-screen-icon-192x192.png
<- 200 GET /images/web/favicons/home-screen-icon-192x192.png
-> POST /sso/Authenticator?93203
<- 200 POST /sso/Authenticator?93203
-> POST /sso/Authenticator?26088
<- 200 POST /sso/Authenticator?26088
-> POST /sso/Authenticator?66936
<- 200 POST /sso/Authenticator?66936
-> POST /sso/Authenticator?55562
<- 200 POST /sso/Authenticator?55562
-> POST /sso/Dispatcher
<- 200 POST /sso/Dispatcher
-> GET /sso/Templates/otp-responsive.css?1655967850722
-> GET /scripts/common/js/jquery-3.4.1/jquery.min.js
<- 304 GET /scripts/common/js/jquery-3.4.1/jquery.min.js
<- 403 GET /sso/Templates/otp-responsive.css?1655967850722
-> GET /scripts/common/js/jquery-ui-1.12.1/jquery-ui.min.js
<- 304 GET /scripts/common/js/jquery-ui-1.12.1/jquery-ui.min.js
-> GET /scripts/common/js/icheck-1.0.2/icheck-init.js
-> GET /sso/CombineFiles
-> GET /scripts/common/js/bootstrap-4.3.1/bootstrap.bundle.min.js
<- 304 GET /scripts/common/js/icheck-1.0.2/icheck-init.js
<- 304 GET /scripts/common/js/bootstrap-4.3.1/bootstrap.bundle.min.js
-> GET /scripts/common/js/bootstrap-switch-3.3.2/bootstrap-switch.min.js
<- 304 GET /scripts/common/js/bootstrap-switch-3.3.2/bootstrap-switch.min.js
-> GET /scripts/common/js/switchery/switchery.min.js
<- 304 GET /scripts/common/js/switchery/switchery.min.js
-> GET /scripts/common/js/switchery/switchery-init.js
<- 304 GET /scripts/common/js/switchery/switchery-init.js
-> GET /scripts/common/js/icheck-1.0.2/icheck.min.js
<- 304 GET /scripts/common/js/icheck-1.0.2/icheck.min.js
<- 200 GET /sso/CombineFiles
-> GET /sso/images/2fa-animated-once.gif
-> GET /sso/CombineFiles
<- 403 GET /sso/images/2fa-animated-once.gif
-> GET /images/web/favicons/home-screen-icon-192x192.png
<- 200 GET /images/web/favicons/home-screen-icon-192x192.png
-> request: /v1/api/tickle
-> GET /v1/api/tickle,200|131ms
<- 200 GET /sso/CombineFiles
-> POST /sso/Authenticator?78720
<- 200 POST /sso/Authenticator?78720
-> POST /sso/Authenticator?94951
<- 200 POST /sso/Authenticator?94951
-> POST /sso/Dispatcher
<- 302 POST /sso/Dispatcher
-> request: /v1/api/sso/validate?gw=1
-> request: /AccountManagement/OneBarAuthentication?json=1
-> GET /v1/api/sso/validate?gw=1,200|137ms
-> request: /v1/api/one/user
-> request: /sso/AuthenticateSSODH?ACTION=INIT
-> sso GET https://api.ibkr.com/sso/AuthenticateSSODH?ACTION=INIT
-> GET /AccountManagement/OneBarAuthentication?json=1,404|152ms
-> GET /v1/api/one/user,200|164ms
-> request: /sso/AuthenticateSSODH?ACTION=COMPLETE&B=3f21681293d156ba69197d29b8e9697fdc67794bfccf406664778ae21480a4067327aafd9202cf858471755b2aea23116c37fe9e0106670a3244f49ee43fb842&CHRESPONSE=e5cbe1ea95782c33daf96e2f56e8fad1780c6a62
-> sso GET https://api.ibkr.com/sso/AuthenticateSSODH?ACTION=COMPLETE&B=3f21681293d156ba69197d29b8e9697fdc67794bfccf406664778ae21480a4067327aafd9202cf858471755b2aea23116c37fe9e0106670a3244f49ee43fb842&CHRESPONSE=e5cbe1ea95782c33daf96e2f56e8fad1780c6a62
-> request: /v1/api/iserver/auth/status
-> GET /v1/api/iserver/auth/status,200|125ms
-> request: /v1/api/iserver/accounts
-> GET /v1/api/iserver/accounts,200|172ms
-> request: /v1/api/tickle
-> GET /v1/api/tickle,200|266ms
-> request: /v1/api/tickle
-> GET /v1/api/tickle,200|138ms
-> GET /sso/Dispatcher
-> request: /v1/api/tickle
-> GET /v1/api/tickle,200|281ms
<- 302 GET /sso/Dispatcher
-> request: /v1/api/sso/validate?gw=1
-> request: /AccountManagement/OneBarAuthentication?json=1
-> GET /v1/api/sso/validate?gw=1,200|137ms
-> request: /v1/api/one/user
-> request: /sso/AuthenticateSSODH?ACTION=INIT
-> sso GET https://api.ibkr.com/sso/AuthenticateSSODH?ACTION=INIT
-> GET /v1/api/one/user,200|133ms
-> GET /AccountManagement/OneBarAuthentication?json=1,404|297ms
-> request: /sso/AuthenticateSSODH?ACTION=COMPLETE&B=68ce521996f46320e78116214bf3935e4aa3eb810d65f19254a76870b9323516e182650cfff6111a53dbe5f6a64a7d7577414c85abaed6ba91263470dfe81cb3&CHRESPONSE=d478f413c0160f6a609d3555e5db474717dadc3c
-> sso GET https://api.ibkr.com/sso/AuthenticateSSODH?ACTION=COMPLETE&B=68ce521996f46320e78116214bf3935e4aa3eb810d65f19254a76870b9323516e182650cfff6111a53dbe5f6a64a7d7577414c85abaed6ba91263470dfe81cb3&CHRESPONSE=d478f413c0160f6a609d3555e5db474717dadc3c
-> request: /v1/api/iserver/auth/status
-> GET /v1/api/iserver/auth/status,200|127ms
-> request: /v1/api/iserver/accounts
-> GET /v1/api/iserver/accounts,200|172ms
-> GET /sso/Dispatcher
<- 302 GET /sso/Dispatcher
-> request: /v1/api/sso/validate?gw=1
-> request: /AccountManagement/OneBarAuthentication?json=1
-> GET /v1/api/sso/validate?gw=1,200|148ms
-> request: /v1/api/one/user
-> request: /sso/AuthenticateSSODH?ACTION=INIT
-> sso GET https://api.ibkr.com/sso/AuthenticateSSODH?ACTION=INIT
-> GET /AccountManagement/OneBarAuthentication?json=1,404|186ms
-> GET /v1/api/one/user,200|267ms
-> request: /sso/AuthenticateSSODH?ACTION=COMPLETE&B=9b3fc0c95d82b137f7dc16c9b0f27c0230eca398f94e355b17b6b6cd4391285b489e7f0a1e4033fbe940f605884ba041044b53c2b023a2b27d1b4ef53ec4a01f&CHRESPONSE=33f62cad3bc06cf1a079d53acb13939db8f9beda
-> sso GET https://api.ibkr.com/sso/AuthenticateSSODH?ACTION=COMPLETE&B=9b3fc0c95d82b137f7dc16c9b0f27c0230eca398f94e355b17b6b6cd4391285b489e7f0a1e4033fbe940f605884ba041044b53c2b023a2b27d1b4ef53ec4a01f&CHRESPONSE=33f62cad3bc06cf1a079d53acb13939db8f9beda
-> request: /v1/api/iserver/auth/status
-> GET /v1/api/iserver/auth/status,200|125ms
-> request: /v1/api/iserver/accounts
-> GET /v1/api/iserver/accounts,200|144ms
-> request: /v1/api/tickle
-> GET /v1/api/tickle,200|156ms
-> request: /v1/api/tickle
-> GET /v1/api/tickle,200|266ms
-> request: /v1/api/tickle
-> GET /v1/api/tickle,200|125ms
-> request: /v1/api/tickle
-> GET /v1/api/tickle,200|281ms
-> request: /v1/api/tickle
-> GET /v1/api/tickle,200|156ms
-> GET /sso/Dispatcher
<- 302 GET /sso/Dispatcher
-> request: /v1/api/sso/validate?gw=1
-> request: /AccountManagement/OneBarAuthentication?json=1
-> GET /v1/api/sso/validate?gw=1,401|272ms
-> GET /AccountManagement/OneBarAuthentication?json=1,404|380ms
-> request: /v1/api/sso/validate?gw=1
-> GET /v1/api/sso/validate?gw=1,401|245ms
-> GET /sso/Login?forwardTo=22&RL=1&ip2loc=US
<- 200 GET /sso/Login?forwardTo=22&RL=1&ip2loc=US
-> GET /sso/Templates/otp-responsive.css?1655970179767
-> GET /scripts/common/js/jquery-3.4.1/jquery.min.js
<- 200 GET /scripts/common/js/jquery-3.4.1/jquery.min.js
-> GET /scripts/common/js/jquery-ui-1.12.1/jquery-ui.min.js
<- 403 GET /sso/Templates/otp-responsive.css?1655970179767
-> GET /scripts/common/js/bootstrap-4.3.1/bootstrap.bundle.min.js
<- 200 GET /scripts/common/js/jquery-ui-1.12.1/jquery-ui.min.js
<- 200 GET /scripts/common/js/bootstrap-4.3.1/bootstrap.bundle.min.js
-> GET /scripts/common/js/switchery/switchery.min.js
-> GET /scripts/common/js/bootstrap-switch-3.3.2/bootstrap-switch.min.js
<- 200 GET /scripts/common/js/switchery/switchery.min.js
<- 200 GET /scripts/common/js/bootstrap-switch-3.3.2/bootstrap-switch.min.js
-> GET /scripts/common/js/jquery-3.4.1/jquery.min.js
-> GET /scripts/common/js/jquery-ui-1.12.1/jquery-ui.min.js
<- 200 GET /scripts/common/js/jquery-3.4.1/jquery.min.js
<- 200 GET /scripts/common/js/jquery-ui-1.12.1/jquery-ui.min.js
-> GET /scripts/common/js/switchery/switchery-init.js
-> GET /scripts/common/js/bootstrap-4.3.1/bootstrap.bundle.min.js
<- 200 GET /scripts/common/js/bootstrap-4.3.1/bootstrap.bundle.min.js
<- 200 GET /scripts/common/js/switchery/switchery-init.js
-> GET /scripts/common/js/switchery/switchery.min.js
-> GET /scripts/common/js/icheck-1.0.2/icheck.min.js
<- 200 GET /scripts/common/js/switchery/switchery.min.js
<- 200 GET /scripts/common/js/icheck-1.0.2/icheck.min.js
-> GET /scripts/common/js/icheck-1.0.2/icheck-init.js
-> GET /sso/CombineFiles
<- 200 GET /scripts/common/js/icheck-1.0.2/icheck-init.js
-> GET /scripts/common/js/bootstrap-switch-3.3.2/bootstrap-switch.min.js
-> GET /scripts/common/js/icheck-1.0.2/icheck.min.js
-> GET /scripts/common/js/switchery/switchery-init.js
<- 200 GET /scripts/common/js/icheck-1.0.2/icheck.min.js
-> GET /scripts/common/js/icheck-1.0.2/icheck-init.js
<- 200 GET /scripts/common/js/bootstrap-switch-3.3.2/bootstrap-switch.min.js
<- 200 GET /scripts/common/js/icheck-1.0.2/icheck-init.js
<- 200 GET /scripts/common/js/switchery/switchery-init.js
-> GET /sso/images/2fa-animated-once.gif
<- 403 GET /sso/images/2fa-animated-once.gif
-> GET /images/2015/btn-app-apple.png
<- 200 GET /images/2015/btn-app-apple.png
-> GET /images/2015/btn-app-google.png
<- 200 GET /images/2015/btn-app-google.png
-> GET /images/2015/btn-app-tws.png
<- 200 GET /images/2015/btn-app-tws.png
-> GET /images/2015/button_discover_apis.png
<- 200 GET /images/2015/button_discover_apis.png
<- 200 GET /sso/CombineFiles
-> GET /sso/CombineFiles
-> GET /images/web/favicons/home-screen-icon-192x192.png
<- 200 GET /images/web/favicons/home-screen-icon-192x192.png
<- 200 GET /sso/CombineFiles
-> GET /images/web/favicons/home-screen-icon-128x128.png
<- 200 GET /images/web/favicons/home-screen-icon-128x128.png
-> GET /sso/Dispatcher
<- 302 GET /sso/Dispatcher
-> request: /v1/api/sso/validate?gw=1
-> request: /AccountManagement/OneBarAuthentication?json=1
-> GET /v1/api/sso/validate?gw=1,401|157ms
-> GET /AccountManagement/OneBarAuthentication?json=1,404|173ms
-> request: /v1/api/sso/validate?gw=1
-> GET /v1/api/sso/validate?gw=1,401|386ms
-> request: /v1/api/sso/validate?gw=1
-> GET /v1/api/sso/validate?gw=1,401|159ms
-> request: /v1/api/sso/validate?gw=1
-> GET /v1/api/sso/validate?gw=1,401|166ms
-> request: /v1/api/sso/validate?gw=1
-> GET /v1/api/sso/validate?gw=1,401|156ms
-> GET /sso/Dispatcher
<- 302 GET /sso/Dispatcher
-> request: /v1/api/sso/validate?gw=1
-> request: /AccountManagement/OneBarAuthentication?json=1
-> GET /v1/api/sso/validate?gw=1,401|355ms
-> GET /AccountManagement/OneBarAuthentication?json=1,404|410ms
-> request: /v1/api/sso/validate?gw=1
-> GET /v1/api/sso/validate?gw=1,401|150ms
-> request: /v1/api/sso/validate?gw=1
-> GET /v1/api/sso/validate?gw=1,401|260ms
-> request: /v1/api/sso/validate?gw=1
-> GET /v1/api/sso/validate?gw=1,401|270ms
-> request: /v1/api/sso/validate?gw=1
-> GET /v1/api/sso/validate?gw=1,401|263ms
-> GET /sso/Login?forwardTo=22&RL=1&ip2loc=US
<- 200 GET /sso/Login?forwardTo=22&RL=1&ip2loc=US
-> GET /sso/Templates/otp-responsive.css?1655972978235
<- 403 GET /sso/Templates/otp-responsive.css?1655972978235
-> GET /scripts/common/js/jquery-3.4.1/jquery.min.js
<- 200 GET /scripts/common/js/jquery-3.4.1/jquery.min.js
-> GET /scripts/common/js/jquery-ui-1.12.1/jquery-ui.min.js
<- 200 GET /scripts/common/js/jquery-ui-1.12.1/jquery-ui.min.js
-> GET /scripts/common/js/icheck-1.0.2/icheck-init.js
<- 200 GET /scripts/common/js/icheck-1.0.2/icheck-init.js
-> GET /scripts/common/js/icheck-1.0.2/icheck.min.js
-> GET /scripts/common/js/jquery-ui-1.12.1/jquery-ui.min.js
-> GET /sso/CombineFiles
-> GET /scripts/common/js/jquery-3.4.1/jquery.min.js
-> GET /scripts/common/js/bootstrap-4.3.1/bootstrap.bundle.min.js
-> GET /scripts/common/js/bootstrap-switch-3.3.2/bootstrap-switch.min.js
<- 200 GET /scripts/common/js/icheck-1.0.2/icheck.min.js
-> GET /scripts/common/js/switchery/switchery.min.js
<- 200 GET /scripts/common/js/jquery-ui-1.12.1/jquery-ui.min.js
<- 200 GET /scripts/common/js/bootstrap-switch-3.3.2/bootstrap-switch.min.js
-> GET /scripts/common/js/switchery/switchery-init.js
-> GET /scripts/common/js/icheck-1.0.2/icheck-init.js
<- 200 GET /scripts/common/js/switchery/switchery.min.js
<- 200 GET /scripts/common/js/switchery/switchery-init.js
-> GET /scripts/common/js/icheck-1.0.2/icheck.min.js
-> GET /scripts/common/js/bootstrap-switch-3.3.2/bootstrap-switch.min.js
<- 200 GET /scripts/common/js/icheck-1.0.2/icheck-init.js
<- 200 GET /scripts/common/js/icheck-1.0.2/icheck.min.js
-> GET /scripts/common/js/switchery/switchery.min.js
-> GET /scripts/common/js/switchery/switchery-init.js
<- 200 GET /scripts/common/js/bootstrap-4.3.1/bootstrap.bundle.min.js
<- 200 GET /scripts/common/js/bootstrap-switch-3.3.2/bootstrap-switch.min.js
<- 200 GET /scripts/common/js/jquery-3.4.1/jquery.min.js
<- 200 GET /sso/CombineFiles
<- 200 GET /scripts/common/js/switchery/switchery.min.js
<- 200 GET /scripts/common/js/switchery/switchery-init.js
-> GET /sso/images/2fa-animated-once.gif
-> GET /images/2015/btn-app-apple.png
<- 200 GET /images/2015/btn-app-apple.png
-> GET /images/2015/btn-app-google.png
-> GET /images/2015/button_discover_apis.png
<- 200 GET /images/2015/btn-app-google.png
<- 403 GET /sso/images/2fa-animated-once.gif
<- 200 GET /images/2015/button_discover_apis.png
-> GET /scripts/common/js/bootstrap-4.3.1/bootstrap.bundle.min.js
-> GET /sso/CombineFiles
<- 200 GET /scripts/common/js/bootstrap-4.3.1/bootstrap.bundle.min.js
-> GET /images/web/favicons/home-screen-icon-192x192.png
<- 200 GET /images/web/favicons/home-screen-icon-192x192.png
<- 200 GET /sso/CombineFiles
-> POST /sso/Authenticator?82645
<- 200 POST /sso/Authenticator?82645
-> POST /sso/Authenticator?14134
<- 200 POST /sso/Authenticator?14134
-> POST /sso/Dispatcher
<- 302 POST /sso/Dispatcher
-> request: /v1/api/sso/validate?gw=1
-> request: /AccountManagement/OneBarAuthentication?json=1
-> GET /AccountManagement/OneBarAuthentication?json=1,404|1051ms
-> GET /v1/api/sso/validate?gw=1,200|1420ms
-> request: /v1/api/one/user
-> request: /sso/AuthenticateSSODH?ACTION=INIT
-> sso GET https://api.ibkr.com/sso/AuthenticateSSODH?ACTION=INIT
-> request: /sso/AuthenticateSSODH?ACTION=COMPLETE&B=ca657f8f67003c170b379428528eff10efb22924967557db757f86ce4dfb5589f7357c230f78013db2cdbb62217e48a3365e31fe8313094b14ac21ebae65612a&CHRESPONSE=129ba55b2d691fb03747c6a5facde17e12cad999
-> sso GET https://api.ibkr.com/sso/AuthenticateSSODH?ACTION=COMPLETE&B=ca657f8f67003c170b379428528eff10efb22924967557db757f86ce4dfb5589f7357c230f78013db2cdbb62217e48a3365e31fe8313094b14ac21ebae65612a&CHRESPONSE=129ba55b2d691fb03747c6a5facde17e12cad999
-> request: /v1/api/iserver/auth/status
-> GET /v1/api/iserver/auth/status,200|366ms
-> request: /v1/api/iserver/auth/ssodh/init
-> POST https://api.ibkr.com/v1/api/iserver/auth/ssodh/init,200|749ms
-> request: /v1/api/iserver/auth/ssodh/response
-> POST https://api.ibkr.com/v1/api/iserver/auth/ssodh/response,200|415ms
-> request: /v1/api/iserver/auth/ssodh/init
-> POST https://api.ibkr.com/v1/api/iserver/auth/ssodh/init,200|203ms
-> GET /v1/api/one/user,503|10217ms
-> GET /v1/api/iserver/accounts
<- 401 GET /v1/api/iserver/accounts
-> request: /sso/ping
-> request: /sso/ping
-> GET /v1/api/sso/validate
uri /v1/api/sso/validate failed
java.io.IOException: An existing connection was forcibly closed by the remote host
	at sun.nio.ch.SocketDispatcher.read0(Native Method) ~[na:1.8.0_333]
	at sun.nio.ch.SocketDispatcher.read(Unknown Source) ~[na:1.8.0_333]
	at sun.nio.ch.IOUtil.readIntoNativeBuffer(Unknown Source) ~[na:1.8.0_333]
	at sun.nio.ch.IOUtil.read(Unknown Source) ~[na:1.8.0_333]
	at sun.nio.ch.SocketChannelImpl.read(Unknown Source) ~[na:1.8.0_333]
	at io.netty.buffer.PooledUnsafeDirectByteBuf.setBytes(PooledUnsafeDirectByteBuf.java:288) ~[netty-buffer-4.1.15.Final.jar:4.1.15.Final]
	at io.netty.buffer.AbstractByteBuf.writeBytes(AbstractByteBuf.java:1106) ~[netty-buffer-4.1.15.Final.jar:4.1.15.Final]
	at io.netty.channel.socket.nio.NioSocketChannel.doReadBytes(NioSocketChannel.java:373) ~[netty-transport-4.1.15.Final.jar:4.1.15.Final]
	at io.netty.channel.nio.AbstractNioByteChannel$NioByteUnsafe.read(AbstractNioByteChannel.java:123) ~[netty-transport-4.1.15.Final.jar:4.1.15.Final]
	at io.netty.channel.nio.NioEventLoop.processSelectedKey(NioEventLoop.java:645) ~[netty-transport-4.1.15.Final.jar:4.1.15.Final]
	at io.netty.channel.nio.NioEventLoop.processSelectedKeysOptimized(NioEventLoop.java:580) ~[netty-transport-4.1.15.Final.jar:4.1.15.Final]
	at io.netty.channel.nio.NioEventLoop.processSelectedKeys(NioEventLoop.java:497) ~[netty-transport-4.1.15.Final.jar:4.1.15.Final]
	at io.netty.channel.nio.NioEventLoop.run(NioEventLoop.java:459) ~[netty-transport-4.1.15.Final.jar:4.1.15.Final]
	at io.netty.util.concurrent.SingleThreadEventExecutor$5.run(SingleThreadEventExecutor.java:858) ~[netty-common-4.1.15.Final.jar:4.1.15.Final]
	at java.lang.Thread.run(Unknown Source) ~[na:1.8.0_333]
-> POST /sso/Dispatcher
-> GET /sso/Dispatcher
-> GET /v1/portal/portfolio/accounts
<- 200 GET /v1/portal/portfolio/accounts
-> GET /v1/portal/portfolio/DU5496746/positions/0
<- 200 GET /v1/portal/portfolio/DU5496746/positions/0
-> GET /sso/Login?forwardTo=22&RL=1&ip2loc=US
<- 200 GET /sso/Login?forwardTo=22&RL=1&ip2loc=US
-> GET /sso/Templates/otp-responsive.css?1655973886534
-> GET /scripts/common/js/jquery-3.4.1/jquery.min.js
<- 200 GET /scripts/common/js/jquery-3.4.1/jquery.min.js
<- 403 GET /sso/Templates/otp-responsive.css?1655973886534
-> GET /scripts/common/js/jquery-ui-1.12.1/jquery-ui.min.js
-> GET /scripts/common/js/bootstrap-4.3.1/bootstrap.bundle.min.js
<- 200 GET /scripts/common/js/jquery-ui-1.12.1/jquery-ui.min.js
<- 200 GET /scripts/common/js/bootstrap-4.3.1/bootstrap.bundle.min.js
-> GET /scripts/common/js/switchery/switchery.min.js
-> GET /scripts/common/js/bootstrap-switch-3.3.2/bootstrap-switch.min.js
<- 200 GET /scripts/common/js/bootstrap-switch-3.3.2/bootstrap-switch.min.js
<- 200 GET /scripts/common/js/switchery/switchery.min.js
-> GET /scripts/common/js/switchery/switchery-init.js
-> GET /scripts/common/js/icheck-1.0.2/icheck.min.js
<- 200 GET /scripts/common/js/switchery/switchery-init.js
<- 200 GET /scripts/common/js/icheck-1.0.2/icheck.min.js
-> GET /scripts/common/js/icheck-1.0.2/icheck-init.js
-> GET /sso/CombineFiles
<- 200 GET /scripts/common/js/icheck-1.0.2/icheck-init.js
-> GET /sso/images/2fa-animated-once.gif
<- 403 GET /sso/images/2fa-animated-once.gif
-> GET /images/2015/btn-app-apple.png
<- 200 GET /images/2015/btn-app-apple.png
-> GET /images/2015/btn-app-google.png
<- 200 GET /images/2015/btn-app-google.png
-> GET /images/2015/button_discover_apis.png
<- 200 GET /images/2015/button_discover_apis.png
<- 200 GET /sso/CombineFiles
-> GET /images/web/favicons/home-screen-icon-192x192.png
<- 200 GET /images/web/favicons/home-screen-icon-192x192.png
-> request: /sso/ping
-> POST /sso/Authenticator?64140
-> GET /sso/ping,200|575ms
<- 200 POST /sso/Authenticator?64140
-> POST /sso/Authenticator?9255
<- 200 POST /sso/Authenticator?9255
-> POST /sso/Dispatcher
<- 200 POST /sso/Dispatcher
-> GET /sso/Templates/otp-responsive.css?1655973898705
-> GET /scripts/common/js/jquery-3.4.1/jquery.min.js
-> GET /scripts/common/js/jquery-ui-1.12.1/jquery-ui.min.js
-> GET /scripts/common/js/bootstrap-4.3.1/bootstrap.bundle.min.js
-> GET /scripts/common/js/bootstrap-switch-3.3.2/bootstrap-switch.min.js
-> GET /scripts/common/js/switchery/switchery.min.js
<- 304 GET /scripts/common/js/jquery-3.4.1/jquery.min.js
<- 304 GET /scripts/common/js/bootstrap-4.3.1/bootstrap.bundle.min.js
<- 304 GET /scripts/common/js/jquery-ui-1.12.1/jquery-ui.min.js
<- 304 GET /scripts/common/js/bootstrap-switch-3.3.2/bootstrap-switch.min.js
<- 304 GET /scripts/common/js/switchery/switchery.min.js
<- 403 GET /sso/Templates/otp-responsive.css?1655973898705
-> GET /scripts/common/js/switchery/switchery-init.js
<- 304 GET /scripts/common/js/switchery/switchery-init.js
-> GET /scripts/common/js/icheck-1.0.2/icheck-init.js
-> GET /sso/CombineFiles
<- 304 GET /scripts/common/js/icheck-1.0.2/icheck-init.js
-> GET /scripts/common/js/icheck-1.0.2/icheck.min.js
<- 304 GET /scripts/common/js/icheck-1.0.2/icheck.min.js
-> GET /sso/images/2fa-animated-once.gif
<- 403 GET /sso/images/2fa-animated-once.gif
<- 200 GET /sso/CombineFiles
-> GET /sso/CombineFiles
-> GET /images/web/favicons/home-screen-icon-192x192.png
<- 200 GET /images/web/favicons/home-screen-icon-192x192.png
<- 200 GET /sso/CombineFiles
-> POST /sso/Authenticator?80541
<- 200 POST /sso/Authenticator?80541
-> POST /sso/Authenticator?16763
<- 200 POST /sso/Authenticator?16763
-> POST /sso/Authenticator?27168
<- 200 POST /sso/Authenticator?27168
-> POST /sso/Authenticator?36861
<- 200 POST /sso/Authenticator?36861
-> POST /sso/Dispatcher
<- 302 POST /sso/Dispatcher
-> request: /v1/api/sso/validate?gw=1
-> request: /AccountManagement/OneBarAuthentication?json=1
-> GET /AccountManagement/OneBarAuthentication?json=1,404|148ms
-> GET /v1/api/sso/validate?gw=1,200|1259ms
-> request: /v1/api/one/user
-> request: /sso/AuthenticateSSODH?ACTION=INIT
-> sso GET https://api.ibkr.com/sso/AuthenticateSSODH?ACTION=INIT
-> GET /v1/api/one/user,200|136ms
-> request: /sso/AuthenticateSSODH?ACTION=COMPLETE&B=3e518e5210c2d7848ee8c47934939c6d5e392897d1b8fe58c75d7d14c5c77474dd7ec6a75ccc066decf5a30bcb125cd76932cadf96bdffe0aeb3472593a03a95&CHRESPONSE=c71e1cbaf42675bf9a1265ae5a474448aec8e336
-> sso GET https://api.ibkr.com/sso/AuthenticateSSODH?ACTION=COMPLETE&B=3e518e5210c2d7848ee8c47934939c6d5e392897d1b8fe58c75d7d14c5c77474dd7ec6a75ccc066decf5a30bcb125cd76932cadf96bdffe0aeb3472593a03a95&CHRESPONSE=c71e1cbaf42675bf9a1265ae5a474448aec8e336
-> request: /v1/api/iserver/auth/status
-> GET /v1/api/iserver/auth/status,200|213ms
-> request: /v1/api/iserver/auth/ssodh/init
-> POST https://api.ibkr.com/v1/api/iserver/auth/ssodh/init,200|726ms
-> request: /v1/api/iserver/auth/ssodh/response
-> POST https://api.ibkr.com/v1/api/iserver/auth/ssodh/response,200|190ms
-> request: /v1/api/iserver/auth/ssodh/init
-> POST https://api.ibkr.com/v1/api/iserver/auth/ssodh/init,200|203ms
uri /sso/Dispatcher failed
java.io.IOException: An existing connection was forcibly closed by the remote host
	at sun.nio.ch.SocketDispatcher.read0(Native Method) ~[na:1.8.0_333]
	at sun.nio.ch.SocketDispatcher.read(Unknown Source) ~[na:1.8.0_333]
	at sun.nio.ch.IOUtil.readIntoNativeBuffer(Unknown Source) ~[na:1.8.0_333]
	at sun.nio.ch.IOUtil.read(Unknown Source) ~[na:1.8.0_333]
	at sun.nio.ch.SocketChannelImpl.read(Unknown Source) ~[na:1.8.0_333]
	at io.netty.buffer.PooledUnsafeDirectByteBuf.setBytes(PooledUnsafeDirectByteBuf.java:288) ~[netty-buffer-4.1.15.Final.jar:4.1.15.Final]
	at io.netty.buffer.AbstractByteBuf.writeBytes(AbstractByteBuf.java:1106) ~[netty-buffer-4.1.15.Final.jar:4.1.15.Final]
	at io.netty.channel.socket.nio.NioSocketChannel.doReadBytes(NioSocketChannel.java:373) ~[netty-transport-4.1.15.Final.jar:4.1.15.Final]
	at io.netty.channel.nio.AbstractNioByteChannel$NioByteUnsafe.read(AbstractNioByteChannel.java:123) ~[netty-transport-4.1.15.Final.jar:4.1.15.Final]
	at io.netty.channel.nio.NioEventLoop.processSelectedKey(NioEventLoop.java:645) ~[netty-transport-4.1.15.Final.jar:4.1.15.Final]
	at io.netty.channel.nio.NioEventLoop.processSelectedKeysOptimized(NioEventLoop.java:580) ~[netty-transport-4.1.15.Final.jar:4.1.15.Final]
	at io.netty.channel.nio.NioEventLoop.processSelectedKeys(NioEventLoop.java:497) ~[netty-transport-4.1.15.Final.jar:4.1.15.Final]
	at io.netty.channel.nio.NioEventLoop.run(NioEventLoop.java:459) ~[netty-transport-4.1.15.Final.jar:4.1.15.Final]
	at io.netty.util.concurrent.SingleThreadEventExecutor$5.run(SingleThreadEventExecutor.java:858) ~[netty-common-4.1.15.Final.jar:4.1.15.Final]
	at java.lang.Thread.run(Unknown Source) ~[na:1.8.0_333]
uri /sso/Dispatcher failed
java.io.IOException: An existing connection was forcibly closed by the remote host
	at sun.nio.ch.SocketDispatcher.read0(Native Method) ~[na:1.8.0_333]
	at sun.nio.ch.SocketDispatcher.read(Unknown Source) ~[na:1.8.0_333]
	at sun.nio.ch.IOUtil.readIntoNativeBuffer(Unknown Source) ~[na:1.8.0_333]
	at sun.nio.ch.IOUtil.read(Unknown Source) ~[na:1.8.0_333]
	at sun.nio.ch.SocketChannelImpl.read(Unknown Source) ~[na:1.8.0_333]
	at io.netty.buffer.PooledUnsafeDirectByteBuf.setBytes(PooledUnsafeDirectByteBuf.java:288) ~[netty-buffer-4.1.15.Final.jar:4.1.15.Final]
	at io.netty.buffer.AbstractByteBuf.writeBytes(AbstractByteBuf.java:1106) ~[netty-buffer-4.1.15.Final.jar:4.1.15.Final]
	at io.netty.channel.socket.nio.NioSocketChannel.doReadBytes(NioSocketChannel.java:373) ~[netty-transport-4.1.15.Final.jar:4.1.15.Final]
	at io.netty.channel.nio.AbstractNioByteChannel$NioByteUnsafe.read(AbstractNioByteChannel.java:123) ~[netty-transport-4.1.15.Final.jar:4.1.15.Final]
	at io.netty.channel.nio.NioEventLoop.processSelectedKey(NioEventLoop.java:645) ~[netty-transport-4.1.15.Final.jar:4.1.15.Final]
	at io.netty.channel.nio.NioEventLoop.processSelectedKeysOptimized(NioEventLoop.java:580) ~[netty-transport-4.1.15.Final.jar:4.1.15.Final]
	at io.netty.channel.nio.NioEventLoop.processSelectedKeys(NioEventLoop.java:497) ~[netty-transport-4.1.15.Final.jar:4.1.15.Final]
	at io.netty.channel.nio.NioEventLoop.run(NioEventLoop.java:459) ~[netty-transport-4.1.15.Final.jar:4.1.15.Final]
	at io.netty.util.concurrent.SingleThreadEventExecutor$5.run(SingleThreadEventExecutor.java:858) ~[netty-common-4.1.15.Final.jar:4.1.15.Final]
	at java.lang.Thread.run(Unknown Source) ~[na:1.8.0_333]
-> request: /sso/ping
-> GET /v1/api/sso/validate
-> GET /v1/api/sso/validate
-> GET /v1/api/sso/validate
<- 200 GET /v1/api/sso/validate
uri /v1/api/sso/validate failed
java.io.IOException: An existing connection was forcibly closed by the remote host
	at sun.nio.ch.SocketDispatcher.read0(Native Method) ~[na:1.8.0_333]
	at sun.nio.ch.SocketDispatcher.read(Unknown Source) ~[na:1.8.0_333]
	at sun.nio.ch.IOUtil.readIntoNativeBuffer(Unknown Source) ~[na:1.8.0_333]
	at sun.nio.ch.IOUtil.read(Unknown Source) ~[na:1.8.0_333]
	at sun.nio.ch.SocketChannelImpl.read(Unknown Source) ~[na:1.8.0_333]
	at io.netty.buffer.PooledUnsafeDirectByteBuf.setBytes(PooledUnsafeDirectByteBuf.java:288) ~[netty-buffer-4.1.15.Final.jar:4.1.15.Final]
	at io.netty.buffer.AbstractByteBuf.writeBytes(AbstractByteBuf.java:1106) ~[netty-buffer-4.1.15.Final.jar:4.1.15.Final]
	at io.netty.channel.socket.nio.NioSocketChannel.doReadBytes(NioSocketChannel.java:373) ~[netty-transport-4.1.15.Final.jar:4.1.15.Final]
	at io.netty.channel.nio.AbstractNioByteChannel$NioByteUnsafe.read(AbstractNioByteChannel.java:123) ~[netty-transport-4.1.15.Final.jar:4.1.15.Final]
	at io.netty.channel.nio.NioEventLoop.processSelectedKey(NioEventLoop.java:645) ~[netty-transport-4.1.15.Final.jar:4.1.15.Final]
	at io.netty.channel.nio.NioEventLoop.processSelectedKeysOptimized(NioEventLoop.java:580) ~[netty-transport-4.1.15.Final.jar:4.1.15.Final]
	at io.netty.channel.nio.NioEventLoop.processSelectedKeys(NioEventLoop.java:497) ~[netty-transport-4.1.15.Final.jar:4.1.15.Final]
	at io.netty.channel.nio.NioEventLoop.run(NioEventLoop.java:459) ~[netty-transport-4.1.15.Final.jar:4.1.15.Final]
	at io.netty.util.concurrent.SingleThreadEventExecutor$5.run(SingleThreadEventExecutor.java:858) ~[netty-common-4.1.15.Final.jar:4.1.15.Final]
	at java.lang.Thread.run(Unknown Source) ~[na:1.8.0_333]
uri /v1/api/sso/validate failed
java.io.IOException: An existing connection was forcibly closed by the remote host
	at sun.nio.ch.SocketDispatcher.read0(Native Method) ~[na:1.8.0_333]
	at sun.nio.ch.SocketDispatcher.read(Unknown Source) ~[na:1.8.0_333]
	at sun.nio.ch.IOUtil.readIntoNativeBuffer(Unknown Source) ~[na:1.8.0_333]
	at sun.nio.ch.IOUtil.read(Unknown Source) ~[na:1.8.0_333]
	at sun.nio.ch.SocketChannelImpl.read(Unknown Source) ~[na:1.8.0_333]
	at io.netty.buffer.PooledUnsafeDirectByteBuf.setBytes(PooledUnsafeDirectByteBuf.java:288) ~[netty-buffer-4.1.15.Final.jar:4.1.15.Final]
	at io.netty.buffer.AbstractByteBuf.writeBytes(AbstractByteBuf.java:1106) ~[netty-buffer-4.1.15.Final.jar:4.1.15.Final]
	at io.netty.channel.socket.nio.NioSocketChannel.doReadBytes(NioSocketChannel.java:373) ~[netty-transport-4.1.15.Final.jar:4.1.15.Final]
	at io.netty.channel.nio.AbstractNioByteChannel$NioByteUnsafe.read(AbstractNioByteChannel.java:123) ~[netty-transport-4.1.15.Final.jar:4.1.15.Final]
	at io.netty.channel.nio.NioEventLoop.processSelectedKey(NioEventLoop.java:645) ~[netty-transport-4.1.15.Final.jar:4.1.15.Final]
	at io.netty.channel.nio.NioEventLoop.processSelectedKeysOptimized(NioEventLoop.java:580) ~[netty-transport-4.1.15.Final.jar:4.1.15.Final]
	at io.netty.channel.nio.NioEventLoop.processSelectedKeys(NioEventLoop.java:497) ~[netty-transport-4.1.15.Final.jar:4.1.15.Final]
	at io.netty.channel.nio.NioEventLoop.run(NioEventLoop.java:459) ~[netty-transport-4.1.15.Final.jar:4.1.15.Final]
	at io.netty.util.concurrent.SingleThreadEventExecutor$5.run(SingleThreadEventExecutor.java:858) ~[netty-common-4.1.15.Final.jar:4.1.15.Final]
	at java.lang.Thread.run(Unknown Source) ~[na:1.8.0_333]
-> GET /v1/api/sso/validate
<- 200 GET /v1/api/sso/validate
-> GET /v1/api/sso/validate
<- 200 GET /v1/api/sso/validate
-> request: /sso/ping
-> GET /sso/ping,200|811ms
-> request: /sso/ping
-> GET /v1/api/trsrv/stocks?symbols=AAPL
<- 200 GET /v1/api/trsrv/stocks?symbols=AAPL
-> GET /v1/api/trsrv/stocks?symbols=AAPL
<- 200 GET /v1/api/trsrv/stocks?symbols=AAPL
-> GET /v1/api/trsrv/stocks?symbols=AAPL
<- 200 GET /v1/api/trsrv/stocks?symbols=AAPL
-> GET /v1/api/trsrv/stocks?symbols=AAPL
<- 200 GET /v1/api/trsrv/stocks?symbols=AAPL
-> GET /v1/api/trsrv/stocks?symbols=AAPL
<- 200 GET /v1/api/trsrv/stocks?symbols=AAPL
-> request: /sso/ping
-> GET /sso/ping,200|775ms
-> GET /v1/api/iserver/accounts
<- 400 GET /v1/api/iserver/accounts
-> GET /v1/api/portfolio/accounts
<- 200 GET /v1/api/portfolio/accounts
-> GET /v1/api/portfolio/accounts
<- 200 GET /v1/api/portfolio/accounts
-> request: /sso/ping
-> GET /sso/ping,200|806ms
-> request: /sso/ping
-> GET /v1/api/portfolio/accounts
<- 200 GET /v1/api/portfolio/accounts
-> GET /v1/api/trsrv/stocks?symbols=AAPL
<- 200 GET /v1/api/trsrv/stocks?symbols=AAPL
-> POST /v1/api/iserver/account/DU5496746/orders
<- 400 POST /v1/api/iserver/account/DU5496746/orders
-> GET /v1/api/portfolio/accounts
<- 200 GET /v1/api/portfolio/accounts
-> GET /v1/api/trsrv/stocks?symbols=AAPL
<- 200 GET /v1/api/trsrv/stocks?symbols=AAPL
-> POST /v1/api/iserver/account/DU5496746/orders
<- 400 POST /v1/api/iserver/account/DU5496746/orders
-> GET /v1/api/portfolio/accounts
<- 200 GET /v1/api/portfolio/accounts
-> GET /v1/api/trsrv/stocks?symbols=AAPL
<- 200 GET /v1/api/trsrv/stocks?symbols=AAPL
-> POST /v1/api/iserver/account/DU5496746/order
<- 500 POST /v1/api/iserver/account/DU5496746/order
-> GET /v1/api/portfolio/accounts
<- 200 GET /v1/api/portfolio/accounts
-> GET /v1/api/trsrv/stocks?symbols=AAPL
<- 200 GET /v1/api/trsrv/stocks?symbols=AAPL
-> POST /v1/api/iserver/account/DU5496746/orders
<- 400 POST /v1/api/iserver/account/DU5496746/orders
-> GET /v1/api/portfolio/accounts
<- 200 GET /v1/api/portfolio/accounts
-> GET /v1/api/trsrv/stocks?symbols=AAPL
<- 200 GET /v1/api/trsrv/stocks?symbols=AAPL
-> POST /v1/api/iserver/account/DU5496746/orders
<- 400 POST /v1/api/iserver/account/DU5496746/orders
-> GET /v1/api/portfolio/accounts
<- 200 GET /v1/api/portfolio/accounts
-> GET /v1/api/trsrv/stocks?symbols=AAPL
<- 200 GET /v1/api/trsrv/stocks?symbols=AAPL
-> POST /v1/api/iserver/account/DU5496746/order
<- 500 POST /v1/api/iserver/account/DU5496746/order
-> request: /sso/ping
-> GET /sso/ping,200|1062ms
-> GET /v1/api/portfolio/accounts
<- 200 GET /v1/api/portfolio/accounts
-> GET /v1/api/trsrv/stocks?symbols=AAPL
<- 200 GET /v1/api/trsrv/stocks?symbols=AAPL
-> POST /v1/api/iserver/account/DU5496746/order
<- 500 POST /v1/api/iserver/account/DU5496746/order
-> GET /v1/api/portfolio/accounts
<- 200 GET /v1/api/portfolio/accounts
-> GET /v1/api/trsrv/stocks?symbols=AAPL
<- 200 GET /v1/api/trsrv/stocks?symbols=AAPL
-> POST /v1/api/iserver/account/DU5496746/orders
<- 400 POST /v1/api/iserver/account/DU5496746/orders
-> GET /sso/Login?forwardTo=22&RL=1&ip2loc=US
<- 200 GET /sso/Login?forwardTo=22&RL=1&ip2loc=US
-> GET /sso/Templates/otp-responsive.css?1655976307234
-> GET /scripts/common/js/jquery-3.4.1/jquery.min.js
<- 200 GET /scripts/common/js/jquery-3.4.1/jquery.min.js
<- 403 GET /sso/Templates/otp-responsive.css?1655976307234
-> GET /scripts/common/js/jquery-ui-1.12.1/jquery-ui.min.js
-> GET /scripts/common/js/bootstrap-4.3.1/bootstrap.bundle.min.js
<- 200 GET /scripts/common/js/jquery-ui-1.12.1/jquery-ui.min.js
<- 200 GET /scripts/common/js/bootstrap-4.3.1/bootstrap.bundle.min.js
-> GET /scripts/common/js/bootstrap-switch-3.3.2/bootstrap-switch.min.js
-> GET /scripts/common/js/switchery/switchery.min.js
<- 200 GET /scripts/common/js/bootstrap-switch-3.3.2/bootstrap-switch.min.js
-> GET /scripts/common/js/jquery-3.4.1/jquery.min.js
<- 200 GET /scripts/common/js/switchery/switchery.min.js
-> GET /scripts/common/js/jquery-ui-1.12.1/jquery-ui.min.js
<- 200 GET /scripts/common/js/jquery-3.4.1/jquery.min.js
<- 200 GET /scripts/common/js/jquery-ui-1.12.1/jquery-ui.min.js
-> GET /scripts/common/js/bootstrap-4.3.1/bootstrap.bundle.min.js
-> GET /scripts/common/js/switchery/switchery-init.js
<- 200 GET /scripts/common/js/bootstrap-4.3.1/bootstrap.bundle.min.js
<- 200 GET /scripts/common/js/switchery/switchery-init.js
-> GET /scripts/common/js/switchery/switchery.min.js
-> GET /scripts/common/js/icheck-1.0.2/icheck.min.js
<- 200 GET /scripts/common/js/switchery/switchery.min.js
<- 200 GET /scripts/common/js/icheck-1.0.2/icheck.min.js
-> GET /scripts/common/js/icheck-1.0.2/icheck-init.js
-> GET /sso/CombineFiles
-> GET /scripts/common/js/bootstrap-switch-3.3.2/bootstrap-switch.min.js
-> GET /scripts/common/js/switchery/switchery-init.js
<- 200 GET /scripts/common/js/icheck-1.0.2/icheck-init.js
-> GET /sso/images/2fa-animated-once.gif
<- 200 GET /scripts/common/js/switchery/switchery-init.js
<- 200 GET /scripts/common/js/bootstrap-switch-3.3.2/bootstrap-switch.min.js
-> GET /scripts/common/js/icheck-1.0.2/icheck.min.js
-> GET /scripts/common/js/icheck-1.0.2/icheck-init.js
<- 200 GET /scripts/common/js/icheck-1.0.2/icheck-init.js
<- 200 GET /scripts/common/js/icheck-1.0.2/icheck.min.js
<- 403 GET /sso/images/2fa-animated-once.gif
-> GET /images/2015/btn-app-apple.png
<- 200 GET /images/2015/btn-app-apple.png
<- 200 GET /sso/CombineFiles
-> GET /images/2015/btn-app-google.png
<- 200 GET /images/2015/btn-app-google.png
-> GET /images/2015/button_discover_apis.png
<- 200 GET /images/2015/button_discover_apis.png
-> GET /images/web/favicons/home-screen-icon-192x192.png
<- 200 GET /images/web/favicons/home-screen-icon-192x192.png
-> POST /sso/Authenticator?55593
<- 200 POST /sso/Authenticator?55593
-> POST /sso/Authenticator?17700
<- 200 POST /sso/Authenticator?17700
-> request: /sso/ping
-> POST /sso/Authenticator?84312
-> GET /sso/ping,200|587ms
<- 200 POST /sso/Authenticator?84312
-> POST /sso/Dispatcher
<- 200 POST /sso/Dispatcher
-> GET /sso/Templates/otp-responsive.css?1655976330272
-> GET /scripts/common/js/jquery-3.4.1/jquery.min.js
-> GET /scripts/common/js/jquery-ui-1.12.1/jquery-ui.min.js
-> GET /scripts/common/js/bootstrap-4.3.1/bootstrap.bundle.min.js
<- 304 GET /scripts/common/js/jquery-3.4.1/jquery.min.js
<- 304 GET /scripts/common/js/jquery-ui-1.12.1/jquery-ui.min.js
<- 304 GET /scripts/common/js/bootstrap-4.3.1/bootstrap.bundle.min.js
<- 403 GET /sso/Templates/otp-responsive.css?1655976330272
-> GET /scripts/common/js/bootstrap-switch-3.3.2/bootstrap-switch.min.js
<- 304 GET /scripts/common/js/bootstrap-switch-3.3.2/bootstrap-switch.min.js
-> GET /scripts/common/js/switchery/switchery.min.js
-> GET /scripts/common/js/switchery/switchery-init.js
<- 304 GET /scripts/common/js/switchery/switchery.min.js
-> GET /scripts/common/js/icheck-1.0.2/icheck.min.js
-> GET /scripts/common/js/icheck-1.0.2/icheck-init.js
-> GET /sso/CombineFiles
<- 304 GET /scripts/common/js/switchery/switchery-init.js
<- 304 GET /scripts/common/js/icheck-1.0.2/icheck.min.js
<- 304 GET /scripts/common/js/icheck-1.0.2/icheck-init.js
-> GET /sso/images/2fa-animated-once.gif
<- 403 GET /sso/images/2fa-animated-once.gif
<- 200 GET /sso/CombineFiles
-> GET /sso/CombineFiles
-> GET /images/web/favicons/home-screen-icon-192x192.png
<- 200 GET /images/web/favicons/home-screen-icon-192x192.png
<- 200 GET /sso/CombineFiles
-> POST /sso/Authenticator?3700
<- 200 POST /sso/Authenticator?3700
-> POST /sso/Authenticator?23123
<- 200 POST /sso/Authenticator?23123
-> POST /sso/Dispatcher
<- 302 POST /sso/Dispatcher
-> request: /v1/api/sso/validate?gw=1
-> request: /AccountManagement/OneBarAuthentication?json=1
-> GET /AccountManagement/OneBarAuthentication?json=1,404|190ms
-> GET /v1/api/sso/validate?gw=1,200|1028ms
-> request: /v1/api/one/user
-> request: /sso/AuthenticateSSODH?ACTION=INIT
-> sso GET https://api.ibkr.com/sso/AuthenticateSSODH?ACTION=INIT
-> request: /sso/AuthenticateSSODH?ACTION=COMPLETE&B=ca657f8f67003c170b379428528eff10efb22924967557db757f86ce4dfb5589f7357c230f78013db2cdbb62217e48a3365e31fe8313094b14ac21ebae65612a&CHRESPONSE=81a76b1d4959e217187a343eb1f8545da707f79d
-> sso GET https://api.ibkr.com/sso/AuthenticateSSODH?ACTION=COMPLETE&B=ca657f8f67003c170b379428528eff10efb22924967557db757f86ce4dfb5589f7357c230f78013db2cdbb62217e48a3365e31fe8313094b14ac21ebae65612a&CHRESPONSE=81a76b1d4959e217187a343eb1f8545da707f79d
-> request: /v1/api/iserver/auth/status
-> GET /v1/api/iserver/auth/status,200|245ms
-> request: /v1/api/iserver/auth/ssodh/init
-> POST https://api.ibkr.com/v1/api/iserver/auth/ssodh/init,200|830ms
-> request: /v1/api/iserver/auth/ssodh/response
-> POST https://api.ibkr.com/v1/api/iserver/auth/ssodh/response,200|404ms
-> request: /v1/api/iserver/accounts
-> GET /v1/api/iserver/accounts,200|207ms
-> GET /v1/api/portfolio/accounts
<- 200 GET /v1/api/portfolio/accounts
-> GET /v1/api/trsrv/stocks?symbols=AAPL
<- 200 GET /v1/api/trsrv/stocks?symbols=AAPL
-> GET /v1/api/one/user,503|10256ms
-> POST /v1/api/iserver/account/DU5496746/orders
<- 200 POST /v1/api/iserver/account/DU5496746/orders
-> request: /v1/api/tickle
-> GET /v1/api/tickle,200|392ms
-> request: /v1/api/tickle
-> GET /v1/api/tickle,200|197ms
-> request: /v1/api/tickle
-> GET /v1/api/tickle,200|411ms
-> request: /v1/api/tickle
-> GET /v1/api/tickle,200|185ms
-> request: /v1/api/tickle
-> GET /v1/api/tickle,200|274ms
-> request: /v1/api/tickle
-> GET /v1/api/tickle,200|201ms
-> request: /v1/api/tickle
-> GET /v1/api/tickle,200|281ms
-> request: /v1/api/tickle
-> GET /v1/api/tickle,200|199ms
-> request: /v1/api/tickle
-> GET /v1/api/tickle,200|228ms
-> request: /sso/ping
-> GET /sso/ping,200|622ms
-> request: /v1/api/tickle
-> GET /v1/api/tickle,200|223ms
-> request: /v1/api/tickle
-> GET /v1/api/tickle,200|327ms
-> request: /v1/api/tickle
-> GET /v1/api/tickle,200|237ms
-> request: /v1/api/tickle
-> GET /v1/api/tickle,200|338ms
-> GET /sso/Login?forwardTo=22&RL=1&ip2loc=US
<- 200 GET /sso/Login?forwardTo=22&RL=1&ip2loc=US
-> GET /sso/Templates/otp-responsive.css?1655977047950
-> GET /scripts/common/js/jquery-3.4.1/jquery.min.js
<- 200 GET /scripts/common/js/jquery-3.4.1/jquery.min.js
<- 403 GET /sso/Templates/otp-responsive.css?1655977047950
-> GET /scripts/common/js/jquery-ui-1.12.1/jquery-ui.min.js
-> GET /scripts/common/js/jquery-3.4.1/jquery.min.js
<- 200 GET /scripts/common/js/jquery-ui-1.12.1/jquery-ui.min.js
<- 200 GET /scripts/common/js/jquery-3.4.1/jquery.min.js
-> GET /scripts/common/js/bootstrap-switch-3.3.2/bootstrap-switch.min.js
-> GET /scripts/common/js/bootstrap-4.3.1/bootstrap.bundle.min.js
<- 200 GET /scripts/common/js/bootstrap-switch-3.3.2/bootstrap-switch.min.js
-> GET /scripts/common/js/switchery/switchery.min.js
<- 200 GET /scripts/common/js/bootstrap-4.3.1/bootstrap.bundle.min.js
-> GET /scripts/common/js/jquery-ui-1.12.1/jquery-ui.min.js
<- 200 GET /scripts/common/js/switchery/switchery.min.js
-> GET /scripts/common/js/switchery/switchery-init.js
-> GET /scripts/common/js/bootstrap-4.3.1/bootstrap.bundle.min.js
<- 200 GET /scripts/common/js/switchery/switchery-init.js
<- 200 GET /scripts/common/js/jquery-ui-1.12.1/jquery-ui.min.js
-> GET /scripts/common/js/icheck-1.0.2/icheck.min.js
-> GET /scripts/common/js/switchery/switchery.min.js
-> GET /scripts/common/js/icheck-1.0.2/icheck-init.js
<- 200 GET /scripts/common/js/icheck-1.0.2/icheck.min.js
-> GET /scripts/common/js/bootstrap-switch-3.3.2/bootstrap-switch.min.js
<- 200 GET /scripts/common/js/bootstrap-4.3.1/bootstrap.bundle.min.js
<- 200 GET /scripts/common/js/switchery/switchery.min.js
<- 200 GET /scripts/common/js/bootstrap-switch-3.3.2/bootstrap-switch.min.js
-> GET /scripts/common/js/switchery/switchery-init.js
<- 200 GET /scripts/common/js/icheck-1.0.2/icheck-init.js
-> GET /sso/CombineFiles
-> GET /sso/images/2fa-animated-once.gif
<- 200 GET /scripts/common/js/switchery/switchery-init.js
-> GET /scripts/common/js/icheck-1.0.2/icheck.min.js
-> GET /scripts/common/js/icheck-1.0.2/icheck-init.js
<- 200 GET /scripts/common/js/icheck-1.0.2/icheck.min.js
<- 200 GET /scripts/common/js/icheck-1.0.2/icheck-init.js
<- 403 GET /sso/images/2fa-animated-once.gif
-> GET /images/2015/btn-app-apple.png
<- 200 GET /images/2015/btn-app-apple.png
-> GET /images/2015/btn-app-google.png
<- 200 GET /images/2015/btn-app-google.png
-> GET /images/2015/btn-app-tws.png
<- 200 GET /images/2015/btn-app-tws.png
-> GET /images/2015/button_discover_apis.png
<- 200 GET /images/2015/button_discover_apis.png
<- 200 GET /sso/CombineFiles
-> GET /images/web/favicons/home-screen-icon-192x192.png
<- 200 GET /images/web/favicons/home-screen-icon-192x192.png
-> GET /images/web/favicons/home-screen-icon-128x128.png
<- 200 GET /images/web/favicons/home-screen-icon-128x128.png
-> GET /v1/api/portfolio/accounts
<- 401 GET /v1/api/portfolio/accounts
-> GET /v1/api/portfolio/accounts
<- 401 GET /v1/api/portfolio/accounts
-> GET /v1/api/sso/validate
<- 401 GET /v1/api/sso/validate
-> GET /v1/api/sso/validate
<- 401 GET /v1/api/sso/validate
-> POST /sso/Authenticator;jsessionid=8190AA579F540A8DBA3582D3D8A1C2AC.ny5wwwdam3-internet?77401
<- 200 POST /sso/Authenticator;jsessionid=8190AA579F540A8DBA3582D3D8A1C2AC.ny5wwwdam3-internet?77401
-> POST /sso/Authenticator;jsessionid=8190AA579F540A8DBA3582D3D8A1C2AC.ny5wwwdam3-internet?30329
<- 200 POST /sso/Authenticator;jsessionid=8190AA579F540A8DBA3582D3D8A1C2AC.ny5wwwdam3-internet?30329
-> POST /sso/Authenticator;jsessionid=8190AA579F540A8DBA3582D3D8A1C2AC.ny5wwwdam3-internet?87735
<- 200 POST /sso/Authenticator;jsessionid=8190AA579F540A8DBA3582D3D8A1C2AC.ny5wwwdam3-internet?87735
-> POST /sso/Dispatcher;jsessionid=8190AA579F540A8DBA3582D3D8A1C2AC.ny5wwwdam3-internet
<- 200 POST /sso/Dispatcher;jsessionid=8190AA579F540A8DBA3582D3D8A1C2AC.ny5wwwdam3-internet
-> GET /sso/Templates/otp-responsive.css?1655977473245
-> GET /scripts/common/js/jquery-3.4.1/jquery.min.js
<- 403 GET /sso/Templates/otp-responsive.css?1655977473245
-> GET /scripts/common/js/jquery-ui-1.12.1/jquery-ui.min.js
<- 304 GET /scripts/common/js/jquery-ui-1.12.1/jquery-ui.min.js
<- 304 GET /scripts/common/js/jquery-3.4.1/jquery.min.js
-> GET /scripts/common/js/icheck-1.0.2/icheck.min.js
-> GET /scripts/common/js/icheck-1.0.2/icheck-init.js
-> GET /scripts/common/js/bootstrap-switch-3.3.2/bootstrap-switch.min.js
-> GET /sso/CombineFiles
-> GET /scripts/common/js/bootstrap-4.3.1/bootstrap.bundle.min.js
<- 304 GET /scripts/common/js/icheck-1.0.2/icheck.min.js
<- 304 GET /scripts/common/js/icheck-1.0.2/icheck-init.js
<- 304 GET /scripts/common/js/bootstrap-4.3.1/bootstrap.bundle.min.js
-> GET /scripts/common/js/switchery/switchery.min.js
<- 304 GET /scripts/common/js/bootstrap-switch-3.3.2/bootstrap-switch.min.js
<- 304 GET /scripts/common/js/switchery/switchery.min.js
-> GET /scripts/common/js/switchery/switchery-init.js
<- 304 GET /scripts/common/js/switchery/switchery-init.js
<- 200 GET /sso/CombineFiles
-> GET /sso/images/2fa-animated-once.gif
-> GET /sso/CombineFiles
<- 403 GET /sso/images/2fa-animated-once.gif
-> GET /images/web/favicons/home-screen-icon-192x192.png
<- 200 GET /images/web/favicons/home-screen-icon-192x192.png
<- 200 GET /sso/CombineFiles
-> POST /sso/Authenticator;jsessionid=7150C38237E71011F9126D00140B7B4E.ny5wwwdam3-internet?50367
<- 200 POST /sso/Authenticator;jsessionid=7150C38237E71011F9126D00140B7B4E.ny5wwwdam3-internet?50367
-> POST /sso/Authenticator;jsessionid=7150C38237E71011F9126D00140B7B4E.ny5wwwdam3-internet?28886
<- 200 POST /sso/Authenticator;jsessionid=7150C38237E71011F9126D00140B7B4E.ny5wwwdam3-internet?28886
-> POST /sso/Authenticator;jsessionid=7150C38237E71011F9126D00140B7B4E.ny5wwwdam3-internet?35749
<- 200 POST /sso/Authenticator;jsessionid=7150C38237E71011F9126D00140B7B4E.ny5wwwdam3-internet?35749
-> POST /sso/Dispatcher;jsessionid=7150C38237E71011F9126D00140B7B4E.ny5wwwdam3-internet
<- 302 POST /sso/Dispatcher;jsessionid=7150C38237E71011F9126D00140B7B4E.ny5wwwdam3-internet
-> request: /v1/api/sso/validate?gw=1
-> request: /AccountManagement/OneBarAuthentication?json=1
-> GET /AccountManagement/OneBarAuthentication?json=1,404|281ms
-> GET /v1/api/sso/validate?gw=1,200|1116ms
-> request: /v1/api/one/user
-> request: /sso/AuthenticateSSODH?ACTION=INIT
-> sso GET https://api.ibkr.com/sso/AuthenticateSSODH?ACTION=INIT
-> GET /v1/api/one/user,200|390ms
-> request: /sso/AuthenticateSSODH?ACTION=COMPLETE&B=2f7b25d248bfc66f78aa3852e915eb73ecd61a42fcd498ae4d37f175aa9ad9446f2400b67769b0f6c4a3a79ff727ba8617e9eb5a3f6c74568634d9aeed4ee67f&CHRESPONSE=c427d243b3375c39d68d3bbdda8433ec3aa2999e
-> sso GET https://api.ibkr.com/sso/AuthenticateSSODH?ACTION=COMPLETE&B=2f7b25d248bfc66f78aa3852e915eb73ecd61a42fcd498ae4d37f175aa9ad9446f2400b67769b0f6c4a3a79ff727ba8617e9eb5a3f6c74568634d9aeed4ee67f&CHRESPONSE=c427d243b3375c39d68d3bbdda8433ec3aa2999e
-> request: /v1/api/iserver/auth/status
-> GET /v1/api/iserver/auth/status,200|260ms
-> request: /v1/api/iserver/accounts
-> GET /v1/api/iserver/accounts,200|195ms
-> GET /v1/api/portfolio/accounts
<- 200 GET /v1/api/portfolio/accounts
-> request: /v1/api/tickle
-> GET /v1/api/tickle,200|189ms
-> GET /v1/api/portfolio/accounts
<- 200 GET /v1/api/portfolio/accounts
-> request: /v1/api/tickle
-> GET /v1/api/tickle,200|522ms
-> request: /v1/api/tickle
-> GET /v1/api/tickle,200|210ms
-> GET /v1/api/portfolio/accounts
<- 200 GET /v1/api/portfolio/accounts
-> GET /v1/api/portfolio/accounts
<- 200 GET /v1/api/portfolio/accounts
-> request: /v1/api/tickle
-> GET /v1/api/tickle,200|216ms
-> request: /v1/api/tickle
-> GET /v1/api/tickle,200|323ms
-> request: /v1/api/tickle
-> GET /v1/api/tickle,200|298ms
-> request: /v1/api/tickle
-> GET /v1/api/tickle,200|321ms
-> request: /v1/api/tickle
-> GET /v1/api/tickle,200|138ms
-> GET /v1/api/portfolio/accounts
<- 200 GET /v1/api/portfolio/accounts
-> request: /v1/api/tickle
-> GET /v1/api/tickle,200|338ms
-> request: /sso/ping
-> GET /sso/ping,200|408ms
-> request: /v1/api/tickle
-> GET /v1/api/tickle,200|234ms
-> request: /v1/api/tickle
-> GET /v1/api/tickle,200|7033ms
-> request: /v1/api/tickle
-> GET /v1/api/tickle,200|137ms
-> request: /v1/api/tickle
-> GET /v1/api/tickle,200|280ms
-> request: /v1/api/tickle
-> GET /v1/api/tickle,200|163ms
-> request: /v1/api/tickle
-> GET /v1/api/tickle,200|286ms
-> request: /v1/api/tickle
-> GET /v1/api/tickle,200|122ms
-> GET /v1/api/portfolio/accounts
<- 200 GET /v1/api/portfolio/accounts
-> GET /v1/api/portfolio/accounts
<- 200 GET /v1/api/portfolio/accounts
-> request: /v1/api/tickle
-> GET /v1/api/tickle,200|276ms
-> GET /v1/api/portfolio/accounts
<- 200 GET /v1/api/portfolio/accounts
-> request: /v1/api/tickle
-> GET /v1/api/tickle,200|130ms
-> request: /v1/api/tickle
-> GET /v1/api/tickle,200|296ms
-> request: /sso/ping
-> GET /sso/ping,200|547ms
-> request: /v1/api/tickle
-> GET /v1/api/tickle,200|140ms
-> request: /v1/api/tickle
-> GET /v1/api/tickle,200|342ms
-> request: /v1/api/tickle
-> GET /v1/api/tickle,200|125ms
-> request: /v1/api/tickle
-> GET /v1/api/tickle,200|137ms
-> request: /v1/api/tickle
-> GET /v1/api/tickle,200|517ms
-> GET /v1/api/portfolio/accounts
<- 200 GET /v1/api/portfolio/accounts
-> request: /v1/api/tickle
-> GET /v1/api/tickle,200|147ms
-> request: /v1/api/tickle
-> GET /v1/api/tickle,200|125ms
-> request: /v1/api/tickle
-> GET /v1/api/tickle,200|266ms
-> request: /v1/api/tickle
-> GET /v1/api/tickle,200|135ms
-> request: /v1/api/tickle
-> GET /v1/api/tickle,200|276ms
-> request: /sso/ping
-> GET /sso/ping,200|536ms
-> request: /v1/api/tickle
-> GET /v1/api/tickle,200|137ms
-> request: /v1/api/tickle
-> GET /v1/api/tickle,200|284ms
-> request: /v1/api/tickle
-> GET /v1/api/tickle,200|143ms
-> request: /v1/api/tickle
-> GET /v1/api/tickle,200|293ms
-> request: /v1/api/tickle
-> GET /v1/api/tickle,200|141ms
-> request: /v1/api/tickle
-> GET /v1/api/tickle,200|297ms
-> request: /v1/api/tickle
-> GET /v1/api/tickle,200|144ms
-> request: /v1/api/tickle
-> GET /v1/api/tickle,200|299ms
-> request: /v1/api/tickle
-> GET /v1/api/tickle,200|337ms
-> request: /v1/api/tickle
-> GET /v1/api/tickle,200|285ms
-> request: /sso/ping
-> GET /sso/ping,200|531ms
-> request: /v1/api/tickle
-> GET /v1/api/tickle,200|171ms
-> request: /v1/api/tickle
-> GET /v1/api/tickle,200|331ms
